<?xml version="1.0" encoding="UTF-8"?>
<!-- Generated by org.testng.reporters.JUnitReportReporter -->
<testsuite hostname="Lama" failures="0" tests="2" name="testSuite1.Module1" time="0.007" errors="0" timestamp="2023-02-23T16:50:26 ICT" skipped="0">
  <testcase classname="testSuite1.Module1" name="testcase3" time="0.006"/>
  <system-out/>
  <testcase classname="testSuite1.Module1" name="testcase1" time="0.001"/>
  <system-out/>
</testsuite> <!-- testSuite1.Module1 -->
