<?xml version="1.0" encoding="UTF-8"?>
<!-- Generated by org.testng.reporters.JUnitReportReporter -->
<testsuite hostname="Lama" failures="0" tests="1" name="testSuite1.Module2" time="0.002" errors="0" timestamp="2023-02-23T16:50:26 ICT" skipped="0">
  <testcase classname="testSuite1.Module2" name="testcase1" time="0.002"/>
  <system-out/>
</testsuite> <!-- testSuite1.Module2 -->
