<?xml version="1.0" encoding="UTF-8"?>
<!-- Generated by org.testng.reporters.JUnitReportReporter -->
<testsuite hostname="Lama" failures="0" tests="1" name="testSuite1.FirstTest" time="0.022" errors="0" timestamp="2023-02-22T19:08:25 ICT" skipped="0">
  <testcase classname="testSuite1.FirstTest" name="demo" time="0.022"/>
  <system-out/>
</testsuite> <!-- testSuite1.FirstTest -->
