<?xml version="1.0" encoding="UTF-8"?>
<!-- Generated by org.testng.reporters.JUnitReportReporter -->
<testsuite hostname="Lama" failures="0" tests="7" name="testSuite1.Module4" time="0.009" errors="0" timestamp="2023-02-23T16:50:26 ICT" skipped="0">
  <testcase classname="testSuite1.Module4" name="test4" time="0.001"/>
  <system-out/>
  <testcase classname="testSuite1.Module4" name="test5" time="0.001"/>
  <system-out/>
  <testcase classname="testSuite1.Module4" name="test7" time="0.002"/>
  <system-out/>
  <testcase classname="testSuite1.Module4" name="test2" time="0.000"/>
  <system-out/>
  <testcase classname="testSuite1.Module4" name="test1" time="0.001"/>
  <system-out/>
  <testcase classname="testSuite1.Module4" name="test6" time="0.002"/>
  <system-out/>
  <testcase classname="testSuite1.Module4" name="test3" time="0.002"/>
  <system-out/>
</testsuite> <!-- testSuite1.Module4 -->
