<?xml version="1.0" encoding="UTF-8"?>
<!-- Generated by org.testng.reporters.JUnitReportReporter -->
<testsuite hostname="Lama" failures="0" tests="3" name="testSuite1.Module3" time="0.002" errors="0" timestamp="2023-02-23T16:50:26 ICT" skipped="0">
  <testcase classname="testSuite1.Module3" name="testcase3" time="0.000"/>
  <system-out/>
  <testcase classname="testSuite1.Module3" name="testcase2" time="0.001"/>
  <system-out/>
  <testcase classname="testSuite1.Module3" name="testcase1" time="0.001"/>
  <system-out/>
</testsuite> <!-- testSuite1.Module3 -->
