<?xml version="1.0" encoding="UTF-8"?>
<!-- Generated by org.testng.reporters.JUnitReportReporter -->
<testsuite hostname="Lama" failures="0" tests="1" name="studySelenium.Section14" time="3.586" errors="0" timestamp="2023-02-21T14:49:12 ICT" skipped="0">
  <testcase classname="studySelenium.Section14" name="Test6" time="3.586"/>
  <system-out/>
</testsuite> <!-- studySelenium.Section14 -->
